[debug] [2022-04-24T21:53:40.526Z] ----------------------------------------------------------------------
[debug] [2022-04-24T21:53:40.528Z] Command:       C:\Program Files\nodejs\node.exe C:\Users\abel_\AppData\Roaming\npm\node_modules\firebase-tools\lib\bin\firebase.js init
[debug] [2022-04-24T21:53:40.529Z] CLI Version:   10.7.0
[debug] [2022-04-24T21:53:40.529Z] Platform:      win32
[debug] [2022-04-24T21:53:40.529Z] Node Version:  v16.13.2
[debug] [2022-04-24T21:53:40.530Z] Time:          Sun Apr 24 2022 16:53:40 GMT-0500 (hora de verano central)
[debug] [2022-04-24T21:53:40.530Z] ----------------------------------------------------------------------
[debug] 
[debug] [2022-04-24T21:53:40.589Z] > command requires scopes: ["email","openid","https://www.googleapis.com/auth/cloudplatformprojects.readonly","https://www.googleapis.com/auth/firebase","https://www.googleapis.com/auth/cloud-platform"]
[debug] [2022-04-24T21:53:40.590Z] > authorizing via signed-in user (abeld9100@gmail.com)
[info] 
     ######## #### ########  ######## ########     ###     ######  ########
     ##        ##  ##     ## ##       ##     ##  ##   ##  ##       ##
     ######    ##  ########  ######   ########  #########  ######  ######
     ##        ##  ##    ##  ##       ##     ## ##     ##       ## ##
     ##       #### ##     ## ######## ########  ##     ##  ######  ########

You're about to initialize a Firebase project in this directory:

  C:\Users\abel_\OneDrive\Escritorio\APP_WEB I4.0\Angular\ProyectoIntegrador\ProyectoIntegrador_Final

Before we get started, keep in mind:

  * You are initializing within an existing Firebase project directory

[info] 
=== Project Setup
[info] 
[info] First, let's associate this project directory with a Firebase project.
[info] You can create multiple project aliases by running firebase use --add, 
[info] but for now we'll just set up a default project.
[info] 
[debug] [2022-04-24T21:53:47.872Z] Using project from CLI flag: proyectointegrador5-a22c0
[debug] [2022-04-24T21:53:47.875Z] >>> [apiv2][query] GET https://firebase.googleapis.com/v1beta1/projects/proyectointegrador5-a22c0 [none]
[debug] [2022-04-24T21:53:48.281Z] <<< [apiv2][status] GET https://firebase.googleapis.com/v1beta1/projects/proyectointegrador5-a22c0 200
[debug] [2022-04-24T21:53:48.282Z] <<< [apiv2][body] GET https://firebase.googleapis.com/v1beta1/projects/proyectointegrador5-a22c0 {"projectId":"proyectointegrador5-a22c0","projectNumber":"235776459841","displayName":"ProyectoIntegrador5","name":"projects/proyectointegrador5-a22c0","resources":{"hostingSite":"proyectointegrador5-a22c0"},"state":"ACTIVE"}
[info] i  Using project proyectointegrador5-a22c0 (ProyectoIntegrador5) 
[info] 
=== Hosting Setup
[info] 
[info] Your public directory is the folder (relative to your project directory) that
[info] will contain Hosting assets to be uploaded with firebase deploy. If you
[info] have a build process for your assets, use your build's output directory.
[info] 
